{"/Users/emmanr22/projects/webpack-react/src/App.jsx": {"path":"/Users/emmanr22/projects/webpack-react/src/App.jsx","statementMap":{"0":{"start":{"line":5,"column":12},"end":{"line":11,"column":1}},"1":{"start":{"line":6,"column":2},"end":{"line":10,"column":4}}},"fnMap":{"0":{"name":"(anonymous_0)","decl":{"start":{"line":5,"column":12},"end":{"line":5,"column":13}},"loc":{"start":{"line":5,"column":18},"end":{"line":11,"column":1}},"line":5}},"branchMap":{},"s":{"0":1,"1":1},"f":{"0":1},"b":{},"_coverageSchema":"1a1c01bbd47fc00a2c39e90264f33305004495a9","hash":"eda691919cf65ae2806f4f41f3c15db65e1c5e76"}
,"/Users/emmanr22/projects/webpack-react/src/index.jsx": {"path":"/Users/emmanr22/projects/webpack-react/src/index.jsx","statementMap":{"0":{"start":{"line":4,"column":0},"end":{"line":4,"column":49}}},"fnMap":{},"branchMap":{},"s":{"0":0},"f":{},"b":{}}
,"/Users/emmanr22/projects/webpack-react/src/components/Heading.jsx": {"path":"/Users/emmanr22/projects/webpack-react/src/components/Heading.jsx","statementMap":{"0":{"start":{"line":5,"column":16},"end":{"line":16,"column":1}},"1":{"start":{"line":6,"column":2},"end":{"line":15,"column":4}}},"fnMap":{"0":{"name":"(anonymous_0)","decl":{"start":{"line":5,"column":16},"end":{"line":5,"column":17}},"loc":{"start":{"line":5,"column":22},"end":{"line":16,"column":1}},"line":5}},"branchMap":{},"s":{"0":1,"1":1},"f":{"0":1},"b":{},"_coverageSchema":"1a1c01bbd47fc00a2c39e90264f33305004495a9","hash":"4d2e82ff2961abada95653f57b1320a91af67270"}
}
